 Image devtools-web Building 
#1 [internal] load local bake definitions
#1 reading from stdin 517B done
#1 DONE 0.0s

#2 [internal] load build definition from Dockerfile
#2 transferring dockerfile: 2.87kB 0.0s done
#2 DONE 0.0s

#3 [internal] load metadata for docker.io/library/node:24-slim
#3 DONE 0.5s

#4 [internal] load .dockerignore
#4 transferring context: 1.10kB 0.0s done
#4 DONE 0.0s

#5 [base 1/2] FROM docker.io/library/node:24-slim@sha256:6f7b03f7c2c8e2e784dcf9295400527b9b1270fd37b7e9a7285cf83b6951452d
#5 DONE 0.0s

#6 [internal] load build context
#6 transferring context: 9.49kB 0.1s done
#6 DONE 0.1s

#7 [runtime 2/4] WORKDIR /app
#7 CACHED

#8 [build 2/4] COPY . .
#8 CACHED

#9 [build 3/4] RUN --mount=type=cache,id=pnpm-store,target=/root/.local/share/pnpm/store     pnpm install --frozen-lockfile --ignore-scripts --filter @app/web...
#9 CACHED

#10 [build 4/4] RUN pnpm --filter @app/web build
#10 CACHED

#11 [base 2/2] RUN npm install -g pnpm@11.13.1
#11 CACHED

#12 [runtime 3/4] COPY --from=build /app/apps/web/.next/standalone ./
#12 CACHED

#13 [build 1/4] WORKDIR /app
#13 CACHED

#14 [runtime 4/4] COPY --from=build /app/apps/web/.next/static ./apps/web/.next/static
#14 CACHED

#15 exporting to image
#15 exporting layers done
#15 writing image sha256:ce7794082f0cb7a35e8dd90f1ca24f644194a5801b3dae282d7cc2927b8f8b43 0.0s done
#15 naming to docker.io/library/devtools-web 0.0s done
#15 DONE 0.0s

#16 resolving provenance for metadata file
#16 DONE 0.0s
 Image devtools-web Built 
