$ pnpm lint && pnpm typecheck && pnpm format:check && pnpm knip && pnpm readme:status:check && pnpm test
$ eslint .
Multiple projects found, consider using a single `tsconfig` with `references` to speed up, or use `noWarnOnMultipleProjects` to suppress this warning
$ tsc -p tsconfig.json --noEmit && pnpm -r --parallel typecheck
Scope: 4 of 5 workspace projects
packages/core typecheck$ tsc --noEmit
packages/test-utils typecheck$ tsc --noEmit
packages/db typecheck$ tsc --noEmit
apps/web typecheck$ tsc --noEmit
packages/db typecheck: Done
packages/test-utils typecheck: Done
packages/core typecheck: Done
apps/web typecheck: Done
$ prettier --check .
Checking formatting...
All matched files use Prettier code style!
$ knip
$ node scripts/readme-status.mjs --check
readme:status — la tabla del README coincide con planning.md ✓
$ vitest run --project '*:unit' --project '*:integration'

 RUN  v4.1.10 /home/developer/projects/devtools


 Test Files  43 passed (43)
      Tests  448 passed (448)
   Start at  18:21:39
   Duration  26.95s (transform 3.30s, setup 12.42s, import 8.32s, tests 10.12s, environment 31.81s)

