$ pnpm lint && pnpm typecheck && pnpm format:check && pnpm knip && pnpm readme:status:check && pnpm test
$ eslint .
Multiple projects found, consider using a single `tsconfig` with `references` to speed up, or use `noWarnOnMultipleProjects` to suppress this warning
$ tsc -p tsconfig.json --noEmit && pnpm -r --parallel typecheck
Scope: 4 of 5 workspace projects
apps/web typecheck$ tsc --noEmit
packages/core typecheck$ tsc --noEmit
packages/db typecheck$ tsc --noEmit
packages/test-utils typecheck$ tsc --noEmit
apps/web typecheck: Done
packages/test-utils typecheck: Done
packages/db typecheck: Done
packages/core typecheck: Done
$ prettier --check .
Checking formatting...
All matched files use Prettier code style!
$ knip
$ node scripts/readme-status.mjs --check
readme:status — la tabla del README coincide con planning.md ✓
$ vitest run --project '*:unit' --project '*:integration'

 RUN  v4.1.10 /home/developer/projects/devtools


 Test Files  73 passed (73)
      Tests  1190 passed (1190)
   Start at  21:08:23
   Duration  68.13s (transform 9.03s, setup 20.05s, import 48.43s, tests 27.20s, environment 49.84s)

GATE EXIT: 0
