▲ Next.js 16.2.10 (Turbopack)

  Creating an optimized production build ...
✓ Compiled successfully in 9.1s
  Running TypeScript ...
  Finished TypeScript in 11.8s ...
  Collecting page data using 3 workers ...
  Generating static pages using 3 workers (0/4) ...
  Generating static pages using 3 workers (1/4) 
  Generating static pages using 3 workers (2/4) 
  Generating static pages using 3 workers (3/4) 
✓ Generating static pages using 3 workers (4/4) in 517ms
  Finalizing page optimization ...

Route (app)
┌ ○ /
├ ○ /_not-found
├ ƒ /api/analyze
├ ƒ /api/health
└ ○ /design-system


○  (Static)   prerendered as static content
ƒ  (Dynamic)  server-rendered on demand

