$ pnpm --filter @app/web test:e2e
$ playwright test
[WebServer] ▲ Next.js 16.2.10 (Turbopack)
[WebServer] 
[WebServer]   Creating an optimized production build ...
[WebServer] ✓ Compiled successfully in 9.6s
[WebServer]   Running TypeScript ...
[WebServer]   Finished TypeScript in 11.3s ...
[WebServer]   Collecting page data using 3 workers ...
[WebServer]   Generating static pages using 3 workers (0/4) ...
[WebServer]   Generating static pages using 3 workers (1/4) 
[WebServer]   Generating static pages using 3 workers (2/4) 
[WebServer]   Generating static pages using 3 workers (3/4) 
[WebServer] ✓ Generating static pages using 3 workers (4/4) in 609ms
[WebServer]   Finalizing page optimization ...
[WebServer] 
[WebServer] Route (app)
[WebServer] ┌ ○ /
[WebServer] ├ ○ /_not-found
[WebServer] ├ ƒ /api/analyze
[WebServer] ├ ƒ /api/health
[WebServer] └ ○ /design-system
[WebServer] 
[WebServer] 
[WebServer] ○  (Static)   prerendered as static content
[WebServer] ƒ  (Dynamic)  server-rendered on demand
[WebServer] 
[WebServer] ▲ Next.js 16.2.10
[WebServer] - Local:         http://localhost:3118
[WebServer] - Network:       http://80.190.75.149:3118
[WebServer] ✓ Ready in 264ms

Running 5 tests using 2 workers

[WebServer] {"level":30,"time":1784378120765,"pid":1399085,"hostname":"vmi3440324","name":"web","request_id":"98675168-521f-4a74-bdf7-88017ce5f641","route":"/api/analyze","input_kind":"jwt","input_bytes":170,"steps":3,"duration_ms":5,"msg":"analyze_completed"}
  ✓  1 [chromium] › e2e/field.spec.ts:27:3 › @f1 / — el campo y la cadena › el campo tiene el foco al cargar y el aviso de seguridad es visible (1.4s)
  ✓  2 [chromium] › e2e/field.spec.ts:33:3 › @f1 / — el campo y la cadena › pegar un JWT despliega la cadena jwt → json sin tocar ningún botón (1.8s)
[WebServer] {"level":30,"time":1784378121857,"pid":1399085,"hostname":"vmi3440324","name":"web","request_id":"05e872e3-b7d0-4a91-8383-3d476d77fcb0","route":"/api/analyze","input_kind":"jwt","input_bytes":170,"steps":3,"duration_ms":1,"msg":"analyze_completed"}
[WebServer] {"level":30,"time":1784378122447,"pid":1399085,"hostname":"vmi3440324","name":"web","request_id":"74562ddf-599b-47cf-b5f3-aa009731fc4b","route":"/api/analyze","input_kind":"text","input_bytes":17,"steps":1,"duration_ms":0,"msg":"analyze_completed"}
  ✓  3 [chromium] › e2e/field.spec.ts:45:3 › @f1 / — el campo y la cadena › cada paso intermedio se copia con un clic (1.5s)
  ✓  4 [chromium] › e2e/field.spec.ts:59:3 › @f1 / — el campo y la cadena › una entrada no reconocida muestra un mensaje explícito, no una pantalla vacía (1.6s)
[WebServer] {"level":30,"time":1784378123363,"pid":1399085,"hostname":"vmi3440324","name":"web","request_id":"8751eb9d-6916-43c2-a2f8-459c71bbeb2f","route":"/api/analyze","input_kind":"jwt","input_bytes":170,"steps":3,"duration_ms":1,"msg":"analyze_completed"}
  ✓  5 [chromium] › e2e/field.spec.ts:69:3 › @f1 / — el campo y la cadena › en viewport móvil la cadena se apila y el body no hace scroll horizontal (1.1s)

  5 passed (34.9s)
