$ pnpm lint && pnpm typecheck && pnpm format:check && pnpm knip && pnpm readme:status:check && pnpm test
$ eslint .
Multiple projects found, consider using a single `tsconfig` with `references` to speed up, or use `noWarnOnMultipleProjects` to suppress this warning
$ tsc -p tsconfig.json --noEmit && pnpm -r --parallel typecheck
Scope: 4 of 5 workspace projects
apps/web typecheck$ tsc --noEmit
packages/db typecheck$ tsc --noEmit
packages/test-utils typecheck$ tsc --noEmit
packages/core typecheck$ tsc --noEmit
packages/db typecheck: Done
packages/test-utils typecheck: Done
packages/core typecheck: Done
apps/web typecheck: Done
$ prettier --check .
Checking formatting...
All matched files use Prettier code style!
$ knip
$ node scripts/readme-status.mjs --check
readme:status — la tabla del README coincide con planning.md ✓
$ vitest run --project '*:unit' --project '*:integration'

 RUN  v4.1.10 /home/developer/projects/devtools


 Test Files  41 passed (41)
      Tests  406 passed (406)
   Start at  14:34:15
   Duration  23.86s (transform 3.19s, setup 11.39s, import 7.05s, tests 9.18s, environment 28.78s)

