$ pnpm lint && pnpm typecheck && pnpm format:check && pnpm knip && pnpm readme:status:check && pnpm test
$ eslint .
Multiple projects found, consider using a single `tsconfig` with `references` to speed up, or use `noWarnOnMultipleProjects` to suppress this warning
$ tsc -p tsconfig.json --noEmit && pnpm -r --parallel typecheck
Scope: 4 of 5 workspace projects
apps/web typecheck$ tsc --noEmit
packages/core typecheck$ tsc --noEmit
packages/db typecheck$ tsc --noEmit
packages/test-utils typecheck$ tsc --noEmit
apps/web typecheck: Done
packages/test-utils typecheck: Done
packages/db typecheck: Done
packages/core typecheck: Done
$ prettier --check .
Checking formatting...
All matched files use Prettier code style!
$ knip
$ node scripts/readme-status.mjs --check
readme:status — la tabla del README coincide con planning.md ✓
$ vitest run --project '*:unit' --project '*:integration'

 RUN  v4.1.10 /home/developer/projects/devtools


 Test Files  50 passed (50)
      Tests  501 passed (501)
   Start at  01:38:10
   Duration  52.68s (transform 5.97s, setup 14.51s, import 31.97s, tests 18.96s, environment 37.44s)

GATE_EXIT=0
