$ pnpm lint && pnpm typecheck && pnpm format:check && pnpm knip && pnpm readme:status:check && pnpm test
$ eslint .
Multiple projects found, consider using a single `tsconfig` with `references` to speed up, or use `noWarnOnMultipleProjects` to suppress this warning
$ tsc -p tsconfig.json --noEmit && pnpm -r --parallel typecheck
Scope: 4 of 5 workspace projects
apps/web typecheck$ tsc --noEmit
packages/core typecheck$ tsc --noEmit
packages/db typecheck$ tsc --noEmit
packages/test-utils typecheck$ tsc --noEmit
packages/db typecheck: Done
packages/test-utils typecheck: Done
packages/core typecheck: Done
apps/web typecheck: Done
$ prettier --check .
Checking formatting...
All matched files use Prettier code style!
$ knip
$ node scripts/readme-status.mjs --check
readme:status — la tabla del README coincide con planning.md ✓
$ vitest run --project '*:unit' --project '*:integration'

 RUN  v4.1.10 /home/developer/projects/devtools


 Test Files  37 passed (37)
      Tests  377 passed (377)
   Start at  11:00:46
   Duration  26.85s (transform 3.57s, setup 13.39s, import 8.28s, tests 9.65s, environment 30.86s)

